F:\微嵌工作资料\与赵（鹏）工合作\定位系统V3.01_20160324\定位系统V3.01_20160324\上位源码\SETID\SETID\DEBUG\定位系统设置软件.PCH
F:\微嵌工作资料\与赵（鹏）工合作\定位系统V3.01_20160324\定位系统V3.01_20160324\上位源码\SETID\SETID\DEBUG\STDAFX.OBJ
F:\微嵌工作资料\与赵（鹏）工合作\定位系统V3.01_20160324\定位系统V3.01_20160324\上位源码\SETID\SETID\DEBUG\VC110.PDB
F:\微嵌工作资料\与赵（鹏）工合作\定位系统V3.01_20160324\定位系统V3.01_20160324\上位源码\SETID\SETID\DEBUG\DATATYPECONVERTER.OBJ
F:\微嵌工作资料\与赵（鹏）工合作\定位系统V3.01_20160324\定位系统V3.01_20160324\上位源码\SETID\SETID\DEBUG\MSCOMM1.OBJ
F:\微嵌工作资料\与赵（鹏）工合作\定位系统V3.01_20160324\定位系统V3.01_20160324\上位源码\SETID\SETID\DEBUG\SETID.OBJ
F:\微嵌工作资料\与赵（鹏）工合作\定位系统V3.01_20160324\定位系统V3.01_20160324\上位源码\SETID\SETID\DEBUG\SETIDDLG.OBJ
F:\微嵌工作资料\与赵（鹏）工合作\定位系统V3.01_20160324\定位系统V3.01_20160324\上位源码\SETID\SETID\DEBUG\SETNEWTWODIALOG.OBJ
F:\微嵌工作资料\与赵（鹏）工合作\定位系统V3.01_20160324\定位系统V3.01_20160324\上位源码\SETID\SETID\DEBUG\SETTYPE1.OBJ
F:\微嵌工作资料\与赵（鹏）工合作\定位系统V3.01_20160324\定位系统V3.01_20160324\上位源码\SETID\SETID\DEBUG\SETTYPE2.OBJ
F:\微嵌工作资料\与赵（鹏）工合作\定位系统V3.01_20160324\定位系统V3.01_20160324\上位源码\SETID\SETID\DEBUG\SETTYPE3.OBJ
F:\微嵌工作资料\与赵（鹏）工合作\定位系统V3.01_20160324\定位系统V3.01_20160324\上位源码\SETID\DEBUG\定位系统设置软件.ILK
F:\微嵌工作资料\与赵（鹏）工合作\定位系统V3.01_20160324\定位系统V3.01_20160324\上位源码\SETID\DEBUG\定位系统设置软件.EXE
F:\微嵌工作资料\与赵（鹏）工合作\定位系统V3.01_20160324\定位系统V3.01_20160324\上位源码\SETID\DEBUG\定位系统设置软件.PDB
F:\微嵌工作资料\与赵（鹏）工合作\定位系统V3.01_20160324\定位系统V3.01_20160324\上位源码\SETID\SETID\DEBUG\SETID.RES
F:\微嵌工作资料\与赵（鹏）工合作\定位系统V3.01_20160324\定位系统V3.01_20160324\上位源码\SetID\SetID\Debug\DataTypeConverter.obj
F:\微嵌工作资料\与赵（鹏）工合作\定位系统V3.01_20160324\定位系统V3.01_20160324\上位源码\SetID\SetID\Debug\mscomm1.obj
F:\微嵌工作资料\与赵（鹏）工合作\定位系统V3.01_20160324\定位系统V3.01_20160324\上位源码\SetID\SetID\Debug\SetID.obj
F:\微嵌工作资料\与赵（鹏）工合作\定位系统V3.01_20160324\定位系统V3.01_20160324\上位源码\SetID\SetID\Debug\SetIDDlg.obj
F:\微嵌工作资料\与赵（鹏）工合作\定位系统V3.01_20160324\定位系统V3.01_20160324\上位源码\SetID\SetID\Debug\SetNewTwoDialog.obj
F:\微嵌工作资料\与赵（鹏）工合作\定位系统V3.01_20160324\定位系统V3.01_20160324\上位源码\SetID\SetID\Debug\SetType1.obj
F:\微嵌工作资料\与赵（鹏）工合作\定位系统V3.01_20160324\定位系统V3.01_20160324\上位源码\SetID\SetID\Debug\SetType2.obj
F:\微嵌工作资料\与赵（鹏）工合作\定位系统V3.01_20160324\定位系统V3.01_20160324\上位源码\SetID\SetID\Debug\SetType3.obj
F:\微嵌工作资料\与赵（鹏）工合作\定位系统V3.01_20160324\定位系统V3.01_20160324\上位源码\SetID\SetID\Debug\stdafx.obj
F:\微嵌工作资料\与赵（鹏）工合作\定位系统V3.01_20160324\定位系统V3.01_20160324\上位源码\SetID\SetID\Debug\cl.command.1.tlog
F:\微嵌工作资料\与赵（鹏）工合作\定位系统V3.01_20160324\定位系统V3.01_20160324\上位源码\SetID\SetID\Debug\CL.read.1.tlog
F:\微嵌工作资料\与赵（鹏）工合作\定位系统V3.01_20160324\定位系统V3.01_20160324\上位源码\SetID\SetID\Debug\CL.write.1.tlog
F:\微嵌工作资料\与赵（鹏）工合作\定位系统V3.01_20160324\定位系统V3.01_20160324\上位源码\SetID\SetID\Debug\link-cvtres.read.1.tlog
F:\微嵌工作资料\与赵（鹏）工合作\定位系统V3.01_20160324\定位系统V3.01_20160324\上位源码\SetID\SetID\Debug\link-cvtres.write.1.tlog
F:\微嵌工作资料\与赵（鹏）工合作\定位系统V3.01_20160324\定位系统V3.01_20160324\上位源码\SetID\SetID\Debug\link-mt.read.1.tlog
F:\微嵌工作资料\与赵（鹏）工合作\定位系统V3.01_20160324\定位系统V3.01_20160324\上位源码\SetID\SetID\Debug\link-mt.write.1.tlog
F:\微嵌工作资料\与赵（鹏）工合作\定位系统V3.01_20160324\定位系统V3.01_20160324\上位源码\SetID\SetID\Debug\link-rc.read.1.tlog
F:\微嵌工作资料\与赵（鹏）工合作\定位系统V3.01_20160324\定位系统V3.01_20160324\上位源码\SetID\SetID\Debug\link-rc.write.1.tlog
F:\微嵌工作资料\与赵（鹏）工合作\定位系统V3.01_20160324\定位系统V3.01_20160324\上位源码\SetID\SetID\Debug\link.command.1.tlog
F:\微嵌工作资料\与赵（鹏）工合作\定位系统V3.01_20160324\定位系统V3.01_20160324\上位源码\SetID\SetID\Debug\link.read.1.tlog
F:\微嵌工作资料\与赵（鹏）工合作\定位系统V3.01_20160324\定位系统V3.01_20160324\上位源码\SetID\SetID\Debug\link.write.1.tlog
F:\微嵌工作资料\与赵（鹏）工合作\定位系统V3.01_20160324\定位系统V3.01_20160324\上位源码\SetID\SetID\Debug\rc.command.1.tlog
F:\微嵌工作资料\与赵（鹏）工合作\定位系统V3.01_20160324\定位系统V3.01_20160324\上位源码\SetID\SetID\Debug\rc.read.1.tlog
F:\微嵌工作资料\与赵（鹏）工合作\定位系统V3.01_20160324\定位系统V3.01_20160324\上位源码\SetID\SetID\Debug\rc.write.1.tlog
F:\微嵌工作资料\与赵（鹏）工合作\定位系统V3.01_20160324\定位系统V3.01_20160324\上位源码\SetID\SetID\Debug\SetID.res
F:\微嵌工作资料\与赵（鹏）工合作\定位系统V3.01_20160324\定位系统V3.01_20160324\上位源码\SetID\SetID\Debug\定位系统设置软件.pch
F:\微嵌工作资料\与赵（鹏）工合作\定位系统V3.01_20160324\定位系统V3.01_20160324\上位源码\SetID\SetID\Debug\vc110.idb
F:\微嵌工作资料\与赵（鹏）工合作\定位系统V3.01_20160324\定位系统V3.01_20160324\上位源码\SetID\SetID\Debug\vc110.pdb
F:\微嵌工作资料\与赵（鹏）工合作\定位系统V3.01_20160324\定位系统V3.01_20160324\上位源码\SetID\Debug\定位系统设置软件.pdb
F:\微嵌工作资料\与赵（鹏）工合作\定位系统V3.01_20160324\定位系统V3.01_20160324\上位源码\SetID\Debug\定位系统设置软件.exe
F:\微嵌工作资料\与赵（鹏）工合作\定位系统V3.01_20160324\定位系统V3.01_20160324\上位源码\SetID\Debug\定位系统设置软件.ilk
