生成启动时间为 2017/8/21 17:21:07。
     1>项目“F:\微嵌工作资料\与赵（鹏）工合作\定位系统V3.01_20160324\定位系统V3.01_20160324\上位源码\Location_V3.0\Location\Location.vcxproj”在节点 2 上(Build 个目标)。
     1>ClCompile:
         D:\Program Files\Microsoft Visual Studio 11.0\VC\bin\CL.exe /c /ZI /nologo /W3 /WX- /Od /Oy- /D WIN32 /D _WINDOWS /D _DEBUG /D _UNICODE /D UNICODE /Gm /EHsc /RTC1 /MTd /GS /fp:precise /Zc:wchar_t /Zc:forScope /Yu"stdafx.h" /Fp"Debug\Location.pch" /Fo"Debug\\" /Fd"Debug\vc110.pdb" /Gd /TP /analyze- /errorReport:prompt ListShow.cpp
         ListShow.cpp
     1>f:\微嵌工作资料\与赵（鹏）工合作\定位系统v3.01_20160324\定位系统v3.01_20160324\上位源码\location_v3.0\location\listshow.cpp(653): warning C4996: 'wcstombs': This function or variable may be unsafe. Consider using wcstombs_s instead. To disable deprecation, use _CRT_SECURE_NO_WARNINGS. See online help for details.
                 d:\program files\microsoft visual studio 11.0\vc\include\stdlib.h(554) : 参见“wcstombs”的声明
     1>f:\微嵌工作资料\与赵（鹏）工合作\定位系统v3.01_20160324\定位系统v3.01_20160324\上位源码\location_v3.0\location\listshow.cpp(657): warning C4244: “参数”: 从“DWORD”转换到“u_short”，可能丢失数据
       Link:
         D:\Program Files\Microsoft Visual Studio 11.0\VC\bin\link.exe /ERRORREPORT:PROMPT /OUT:"F:\微嵌工作资料\与赵（鹏）工合作\定位系统V3.01_20160324\定位系统V3.01_20160324\上位源码\Location_V3.0\Debug\Location.exe" /INCREMENTAL /NOLOGO /MANIFEST /MANIFESTUAC:"level='asInvoker' uiAccess='false'" /manifest:embed /manifestinput:"D:\Program Files\Microsoft Visual Studio 11.0\VC\Include\Manifest\dpiaware.manifest" /DEBUG /PDB:"F:\微嵌工作资料\与赵（鹏）工合作\定位系统V3.01_20160324\定位系统V3.01_20160324\上位源码\Location_V3.0\Debug\Location.pdb" /SUBSYSTEM:WINDOWS /TLBID:1 /ENTRY:"wWinMainCRTStartup" /DYNAMICBASE:NO /IMPLIB:"F:\微嵌工作资料\与赵（鹏）工合作\定位系统V3.01_20160324\定位系统V3.01_20160324\上位源码\Location_V3.0\Debug\Location.lib" /MACHINE:X86 /SAFESEH Debug\Location.res
         Debug\Config.obj
         Debug\ConfigDisplay.obj
         Debug\ConfigServer.obj
         Debug\ConfigWarning.obj
         Debug\ImagePortShow.obj
         Debug\ImageShow.obj
         Debug\Ini.obj
         Debug\ListShow.obj
         Debug\Location.obj
         Debug\LocationDlg.obj
         Debug\OldData.obj
         Debug\OldDataRePlay.obj
         Debug\OldDataTongJi.obj
         Debug\onfigMap.obj
         Debug\SetImagePort.obj
         Debug\SetNet.obj
         Debug\SetPort.obj
         Debug\SetTag.obj
         Debug\stdafx.obj
         Debug\TagOnLine.obj
         Debug\WarningMessage.obj
         Location.vcxproj -> F:\微嵌工作资料\与赵（鹏）工合作\定位系统V3.01_20160324\定位系统V3.01_20160324\上位源码\Location_V3.0\Debug\Location.exe
     1>已完成生成项目“F:\微嵌工作资料\与赵（鹏）工合作\定位系统V3.01_20160324\定位系统V3.01_20160324\上位源码\Location_V3.0\Location\Location.vcxproj”(Build 个目标)的操作。

生成成功。

已用时间 00:00:01.92
