F:\微嵌工作资料\与赵（鹏）工合作\定位系统V3.01_20160324\定位系统V3.01_20160324\上位源码\LOCATION_V3.0\LOCATION\RELEASE\LOCATION.PCH
F:\微嵌工作资料\与赵（鹏）工合作\定位系统V3.01_20160324\定位系统V3.01_20160324\上位源码\LOCATION_V3.0\LOCATION\RELEASE\STDAFX.OBJ
F:\微嵌工作资料\与赵（鹏）工合作\定位系统V3.01_20160324\定位系统V3.01_20160324\上位源码\LOCATION_V3.0\LOCATION\RELEASE\VC110.PDB
F:\微嵌工作资料\与赵（鹏）工合作\定位系统V3.01_20160324\定位系统V3.01_20160324\上位源码\LOCATION_V3.0\LOCATION\RELEASE\WARNINGMESSAGE.OBJ
F:\微嵌工作资料\与赵（鹏）工合作\定位系统V3.01_20160324\定位系统V3.01_20160324\上位源码\LOCATION_V3.0\LOCATION\RELEASE\TAGONLINE.OBJ
F:\微嵌工作资料\与赵（鹏）工合作\定位系统V3.01_20160324\定位系统V3.01_20160324\上位源码\LOCATION_V3.0\LOCATION\RELEASE\SETTAG.OBJ
F:\微嵌工作资料\与赵（鹏）工合作\定位系统V3.01_20160324\定位系统V3.01_20160324\上位源码\LOCATION_V3.0\LOCATION\RELEASE\SETPORT.OBJ
F:\微嵌工作资料\与赵（鹏）工合作\定位系统V3.01_20160324\定位系统V3.01_20160324\上位源码\LOCATION_V3.0\LOCATION\RELEASE\SETNET.OBJ
F:\微嵌工作资料\与赵（鹏）工合作\定位系统V3.01_20160324\定位系统V3.01_20160324\上位源码\LOCATION_V3.0\LOCATION\RELEASE\SETIMAGEPORT.OBJ
F:\微嵌工作资料\与赵（鹏）工合作\定位系统V3.01_20160324\定位系统V3.01_20160324\上位源码\LOCATION_V3.0\LOCATION\RELEASE\ONFIGMAP.OBJ
F:\微嵌工作资料\与赵（鹏）工合作\定位系统V3.01_20160324\定位系统V3.01_20160324\上位源码\LOCATION_V3.0\LOCATION\RELEASE\OLDDATATONGJI.OBJ
F:\微嵌工作资料\与赵（鹏）工合作\定位系统V3.01_20160324\定位系统V3.01_20160324\上位源码\LOCATION_V3.0\LOCATION\RELEASE\OLDDATAREPLAY.OBJ
F:\微嵌工作资料\与赵（鹏）工合作\定位系统V3.01_20160324\定位系统V3.01_20160324\上位源码\LOCATION_V3.0\LOCATION\RELEASE\OLDDATA.OBJ
F:\微嵌工作资料\与赵（鹏）工合作\定位系统V3.01_20160324\定位系统V3.01_20160324\上位源码\LOCATION_V3.0\LOCATION\RELEASE\LOCATIONDLG.OBJ
F:\微嵌工作资料\与赵（鹏）工合作\定位系统V3.01_20160324\定位系统V3.01_20160324\上位源码\LOCATION_V3.0\LOCATION\RELEASE\LOCATION.OBJ
F:\微嵌工作资料\与赵（鹏）工合作\定位系统V3.01_20160324\定位系统V3.01_20160324\上位源码\LOCATION_V3.0\LOCATION\RELEASE\LISTSHOW.OBJ
F:\微嵌工作资料\与赵（鹏）工合作\定位系统V3.01_20160324\定位系统V3.01_20160324\上位源码\LOCATION_V3.0\LOCATION\RELEASE\INI.OBJ
F:\微嵌工作资料\与赵（鹏）工合作\定位系统V3.01_20160324\定位系统V3.01_20160324\上位源码\LOCATION_V3.0\LOCATION\RELEASE\IMAGESHOW.OBJ
F:\微嵌工作资料\与赵（鹏）工合作\定位系统V3.01_20160324\定位系统V3.01_20160324\上位源码\LOCATION_V3.0\LOCATION\RELEASE\IMAGEPORTSHOW.OBJ
F:\微嵌工作资料\与赵（鹏）工合作\定位系统V3.01_20160324\定位系统V3.01_20160324\上位源码\LOCATION_V3.0\LOCATION\RELEASE\CONFIGWARNING.OBJ
F:\微嵌工作资料\与赵（鹏）工合作\定位系统V3.01_20160324\定位系统V3.01_20160324\上位源码\LOCATION_V3.0\LOCATION\RELEASE\CONFIGSERVER.OBJ
F:\微嵌工作资料\与赵（鹏）工合作\定位系统V3.01_20160324\定位系统V3.01_20160324\上位源码\LOCATION_V3.0\LOCATION\RELEASE\CONFIGDISPLAY.OBJ
F:\微嵌工作资料\与赵（鹏）工合作\定位系统V3.01_20160324\定位系统V3.01_20160324\上位源码\LOCATION_V3.0\LOCATION\RELEASE\CONFIG.OBJ
F:\微嵌工作资料\与赵（鹏）工合作\定位系统V3.01_20160324\定位系统V3.01_20160324\上位源码\LOCATION_V3.0\RELEASE\LOCATION.EXE
F:\微嵌工作资料\与赵（鹏）工合作\定位系统V3.01_20160324\定位系统V3.01_20160324\上位源码\LOCATION_V3.0\RELEASE\LOCATION.PDB
F:\微嵌工作资料\与赵（鹏）工合作\定位系统V3.01_20160324\定位系统V3.01_20160324\上位源码\LOCATION_V3.0\LOCATION\RELEASE\LOCATION.RES
F:\微嵌工作资料\与赵（鹏）工合作\定位系统V3.01_20160324\定位系统V3.01_20160324\上位源码\Location_V3.0\Location\Release\Config.obj
F:\微嵌工作资料\与赵（鹏）工合作\定位系统V3.01_20160324\定位系统V3.01_20160324\上位源码\Location_V3.0\Location\Release\ConfigDisplay.obj
F:\微嵌工作资料\与赵（鹏）工合作\定位系统V3.01_20160324\定位系统V3.01_20160324\上位源码\Location_V3.0\Location\Release\ConfigServer.obj
F:\微嵌工作资料\与赵（鹏）工合作\定位系统V3.01_20160324\定位系统V3.01_20160324\上位源码\Location_V3.0\Location\Release\ConfigWarning.obj
F:\微嵌工作资料\与赵（鹏）工合作\定位系统V3.01_20160324\定位系统V3.01_20160324\上位源码\Location_V3.0\Location\Release\ImagePortShow.obj
F:\微嵌工作资料\与赵（鹏）工合作\定位系统V3.01_20160324\定位系统V3.01_20160324\上位源码\Location_V3.0\Location\Release\ImageShow.obj
F:\微嵌工作资料\与赵（鹏）工合作\定位系统V3.01_20160324\定位系统V3.01_20160324\上位源码\Location_V3.0\Location\Release\Ini.obj
F:\微嵌工作资料\与赵（鹏）工合作\定位系统V3.01_20160324\定位系统V3.01_20160324\上位源码\Location_V3.0\Location\Release\ListShow.obj
F:\微嵌工作资料\与赵（鹏）工合作\定位系统V3.01_20160324\定位系统V3.01_20160324\上位源码\Location_V3.0\Location\Release\Location.obj
F:\微嵌工作资料\与赵（鹏）工合作\定位系统V3.01_20160324\定位系统V3.01_20160324\上位源码\Location_V3.0\Location\Release\LocationDlg.obj
F:\微嵌工作资料\与赵（鹏）工合作\定位系统V3.01_20160324\定位系统V3.01_20160324\上位源码\Location_V3.0\Location\Release\OldData.obj
F:\微嵌工作资料\与赵（鹏）工合作\定位系统V3.01_20160324\定位系统V3.01_20160324\上位源码\Location_V3.0\Location\Release\OldDataRePlay.obj
F:\微嵌工作资料\与赵（鹏）工合作\定位系统V3.01_20160324\定位系统V3.01_20160324\上位源码\Location_V3.0\Location\Release\OldDataTongJi.obj
F:\微嵌工作资料\与赵（鹏）工合作\定位系统V3.01_20160324\定位系统V3.01_20160324\上位源码\Location_V3.0\Location\Release\onfigMap.obj
F:\微嵌工作资料\与赵（鹏）工合作\定位系统V3.01_20160324\定位系统V3.01_20160324\上位源码\Location_V3.0\Location\Release\SetImagePort.obj
F:\微嵌工作资料\与赵（鹏）工合作\定位系统V3.01_20160324\定位系统V3.01_20160324\上位源码\Location_V3.0\Location\Release\SetNet.obj
F:\微嵌工作资料\与赵（鹏）工合作\定位系统V3.01_20160324\定位系统V3.01_20160324\上位源码\Location_V3.0\Location\Release\SetPort.obj
F:\微嵌工作资料\与赵（鹏）工合作\定位系统V3.01_20160324\定位系统V3.01_20160324\上位源码\Location_V3.0\Location\Release\SetTag.obj
F:\微嵌工作资料\与赵（鹏）工合作\定位系统V3.01_20160324\定位系统V3.01_20160324\上位源码\Location_V3.0\Location\Release\stdafx.obj
F:\微嵌工作资料\与赵（鹏）工合作\定位系统V3.01_20160324\定位系统V3.01_20160324\上位源码\Location_V3.0\Location\Release\TagOnLine.obj
F:\微嵌工作资料\与赵（鹏）工合作\定位系统V3.01_20160324\定位系统V3.01_20160324\上位源码\Location_V3.0\Location\Release\WarningMessage.obj
F:\微嵌工作资料\与赵（鹏）工合作\定位系统V3.01_20160324\定位系统V3.01_20160324\上位源码\Location_V3.0\Location\Release\cl.command.1.tlog
F:\微嵌工作资料\与赵（鹏）工合作\定位系统V3.01_20160324\定位系统V3.01_20160324\上位源码\Location_V3.0\Location\Release\CL.read.1.tlog
F:\微嵌工作资料\与赵（鹏）工合作\定位系统V3.01_20160324\定位系统V3.01_20160324\上位源码\Location_V3.0\Location\Release\CL.write.1.tlog
F:\微嵌工作资料\与赵（鹏）工合作\定位系统V3.01_20160324\定位系统V3.01_20160324\上位源码\Location_V3.0\Location\Release\link-cvtres.read.1.tlog
F:\微嵌工作资料\与赵（鹏）工合作\定位系统V3.01_20160324\定位系统V3.01_20160324\上位源码\Location_V3.0\Location\Release\link-cvtres.write.1.tlog
F:\微嵌工作资料\与赵（鹏）工合作\定位系统V3.01_20160324\定位系统V3.01_20160324\上位源码\Location_V3.0\Location\Release\link-mt.read.1.tlog
F:\微嵌工作资料\与赵（鹏）工合作\定位系统V3.01_20160324\定位系统V3.01_20160324\上位源码\Location_V3.0\Location\Release\link-mt.write.1.tlog
F:\微嵌工作资料\与赵（鹏）工合作\定位系统V3.01_20160324\定位系统V3.01_20160324\上位源码\Location_V3.0\Location\Release\link-rc.read.1.tlog
F:\微嵌工作资料\与赵（鹏）工合作\定位系统V3.01_20160324\定位系统V3.01_20160324\上位源码\Location_V3.0\Location\Release\link-rc.write.1.tlog
F:\微嵌工作资料\与赵（鹏）工合作\定位系统V3.01_20160324\定位系统V3.01_20160324\上位源码\Location_V3.0\Location\Release\link.command.1.tlog
F:\微嵌工作资料\与赵（鹏）工合作\定位系统V3.01_20160324\定位系统V3.01_20160324\上位源码\Location_V3.0\Location\Release\link.read.1.tlog
F:\微嵌工作资料\与赵（鹏）工合作\定位系统V3.01_20160324\定位系统V3.01_20160324\上位源码\Location_V3.0\Location\Release\link.write.1.tlog
F:\微嵌工作资料\与赵（鹏）工合作\定位系统V3.01_20160324\定位系统V3.01_20160324\上位源码\Location_V3.0\Location\Release\rc.command.1.tlog
F:\微嵌工作资料\与赵（鹏）工合作\定位系统V3.01_20160324\定位系统V3.01_20160324\上位源码\Location_V3.0\Location\Release\rc.read.1.tlog
F:\微嵌工作资料\与赵（鹏）工合作\定位系统V3.01_20160324\定位系统V3.01_20160324\上位源码\Location_V3.0\Location\Release\rc.write.1.tlog
F:\微嵌工作资料\与赵（鹏）工合作\定位系统V3.01_20160324\定位系统V3.01_20160324\上位源码\Location_V3.0\Location\Release\Location.res
F:\微嵌工作资料\与赵（鹏）工合作\定位系统V3.01_20160324\定位系统V3.01_20160324\上位源码\Location_V3.0\Location\Release\Location.pch
F:\微嵌工作资料\与赵（鹏）工合作\定位系统V3.01_20160324\定位系统V3.01_20160324\上位源码\Location_V3.0\Location\Release\vc110.pdb
F:\微嵌工作资料\与赵（鹏）工合作\定位系统V3.01_20160324\定位系统V3.01_20160324\上位源码\Location_V3.0\Release\Location.pdb
F:\微嵌工作资料\与赵（鹏）工合作\定位系统V3.01_20160324\定位系统V3.01_20160324\上位源码\Location_V3.0\Release\Location.exe
